[debug] [2022-03-02T23:14:27.911Z] ----------------------------------------------------------------------
[debug] [2022-03-02T23:14:27.913Z] Command:       C:\Users\HP\AppData\Roaming\npm\node_modules\node\bin\node.exe C:\Users\HP\AppData\Roaming\npm\node_modules\firebase-tools\lib\bin\firebase.js serve
[debug] [2022-03-02T23:14:27.914Z] CLI Version:   10.2.1
[debug] [2022-03-02T23:14:27.914Z] Platform:      win32
[debug] [2022-03-02T23:14:27.914Z] Node Version:  v16.13.2
[debug] [2022-03-02T23:14:27.915Z] Time:          Thu Mar 03 2022 06:14:27 GMT+0700 (Indochina Time)
[debug] [2022-03-02T23:14:27.915Z] ----------------------------------------------------------------------
[debug] 
[debug] [2022-03-02T23:14:28.028Z] > command requires scopes: ["email","openid","https://www.googleapis.com/auth/cloudplatformprojects.readonly","https://www.googleapis.com/auth/firebase","https://www.googleapis.com/auth/cloud-platform"]
[debug] [2022-03-02T23:14:28.029Z] > authorizing via signed-in user (phanquocthinh.dng@gmail.com)
[debug] [2022-03-02T23:14:28.029Z] [iam] checking project social-appan for permissions ["firebase.projects.get"]
[debug] [2022-03-02T23:14:28.031Z] >>> [apiv2][query] POST https://cloudresourcemanager.googleapis.com/v1/projects/social-appan:testIamPermissions [none]
[debug] [2022-03-02T23:14:28.032Z] >>> [apiv2][body] POST https://cloudresourcemanager.googleapis.com/v1/projects/social-appan:testIamPermissions {"permissions":["firebase.projects.get"]}
[debug] [2022-03-02T23:14:29.097Z] <<< [apiv2][status] POST https://cloudresourcemanager.googleapis.com/v1/projects/social-appan:testIamPermissions 200
[debug] [2022-03-02T23:14:29.097Z] <<< [apiv2][body] POST https://cloudresourcemanager.googleapis.com/v1/projects/social-appan:testIamPermissions {"permissions":["firebase.projects.get"]}
[debug] [2022-03-02T23:14:29.099Z] >>> [apiv2][query] GET https://firebase.googleapis.com/v1beta1/projects/social-appan [none]
[debug] [2022-03-02T23:14:29.472Z] <<< [apiv2][status] GET https://firebase.googleapis.com/v1beta1/projects/social-appan 200
[debug] [2022-03-02T23:14:29.473Z] <<< [apiv2][body] GET https://firebase.googleapis.com/v1beta1/projects/social-appan {"projectId":"social-appan","projectNumber":"243583815656","displayName":"Social-Appan","name":"projects/social-appan","resources":{"hostingSite":"social-appan","storageBucket":"social-appan.appspot.com","locationId":"asia-northeast3"},"state":"ACTIVE"}
[info] 
[info] === Serving from 'D:\ReactJs\social-appan\server'...
[info] 
[info] +  functions: Using node@16 from host. {"metadata":{"emulator":{"name":"functions"},"message":"Using node@16 from host."}}
[debug] [2022-03-02T23:14:29.493Z] defaultcredentials: writing to file C:\Users\HP\AppData\Roaming\firebase\phanquocthinh_dng_gmail.com_application_default_credentials.json
[debug] [2022-03-02T23:14:29.495Z] Setting GAC to C:\Users\HP\AppData\Roaming\firebase\phanquocthinh_dng_gmail.com_application_default_credentials.json {"metadata":{"emulator":{"name":"functions"},"message":"Setting GAC to C:\\Users\\HP\\AppData\\Roaming\\firebase\\phanquocthinh_dng_gmail.com_application_default_credentials.json"}}
[debug] [2022-03-02T23:14:29.496Z] >>> [apiv2][query] GET https://firebase.googleapis.com/v1beta1/projects/social-appan/adminSdkConfig [none]
[debug] [2022-03-02T23:14:29.839Z] <<< [apiv2][status] GET https://firebase.googleapis.com/v1beta1/projects/social-appan/adminSdkConfig 200
[debug] [2022-03-02T23:14:29.840Z] <<< [apiv2][body] GET https://firebase.googleapis.com/v1beta1/projects/social-appan/adminSdkConfig {"projectId":"social-appan","storageBucket":"social-appan.appspot.com","locationId":"asia-northeast3"}
[info] i  functions: Watching "D:\ReactJs\social-appan\server\functions" for Cloud Functions... {"metadata":{"emulator":{"name":"functions"},"message":"Watching \"D:\\ReactJs\\social-appan\\server\\functions\" for Cloud Functions..."}}
[debug] [2022-03-02T23:14:29.877Z] Validating nodejs source
[debug] [2022-03-02T23:14:32.864Z] > [functions] package.json contents: {
  "name": "functions",
  "description": "Cloud Functions for Firebase",
  "scripts": {
    "serve": "firebase emulators:start --only functions",
    "shell": "firebase functions:shell",
    "start": "npm run shell",
    "deploy": "firebase deploy --only functions",
    "logs": "firebase functions:log"
  },
  "engines": {
    "node": "16"
  },
  "main": "index.js",
  "dependencies": {
    "body-parser": "^1.19.2",
    "busboy": "^1.4.0",
    "cors": "^2.8.5",
    "ejs": "^3.1.6",
    "express": "^4.17.3",
    "firebase": "^8.10.1",
    "firebase-admin": "^9.12.0",
    "firebase-functions": "^3.18.1",
    "multer": "^1.4.4",
    "node-modules": "^1.0.1",
    "sharp": "^0.30.1",
    "uuid": "^8.3.2",
    "uuidv4": "^6.2.12"
  },
  "devDependencies": {
    "firebase-functions-test": "^0.2.0"
  },
  "private": true
}
[debug] [2022-03-02T23:14:32.864Z] Building nodejs source
[debug] [2022-03-02T23:14:32.864Z] Analyzing nodejs backend spec
[info] +  functions[us-central1-api]: http function initialized (http://localhost:5000/social-appan/us-central1/api). {"metadata":{"emulator":{"name":"functions"},"message":"\u001b[1mhttp\u001b[22m function initialized (http://localhost:5000/social-appan/us-central1/api)."}}
[debug] [2022-03-02T23:15:03.164Z] [work-queue] {"queueLength":1,"workRunningCount":0}
[debug] [2022-03-02T23:15:03.164Z] [work-queue] {"queueLength":0,"workRunningCount":1}
[debug] [2022-03-02T23:15:03.165Z] Accepted request GET /social-appan/us-central1/api/screams --> us-central1-api
[debug] [2022-03-02T23:15:03.173Z] [worker-pool] addWorker(us-central1-api) {"metadata":{"emulator":{"name":"functions"},"message":"[worker-pool] addWorker(us-central1-api)"}}
[debug] [2022-03-02T23:15:03.174Z] [worker-pool] Adding worker with key us-central1-api, total=1 {"metadata":{"emulator":{"name":"functions"},"message":"[worker-pool] Adding worker with key us-central1-api, total=1"}}
[debug] [2022-03-02T23:15:03.174Z] [worker-pool] submitWork(triggerId=us-central1-api) {"metadata":{"emulator":{"name":"functions"},"message":"[worker-pool] submitWork(triggerId=us-central1-api)"}}
[debug] [2022-03-02T23:15:03.175Z] [worker-us-central1-api-ba455c65-5320-484e-8337-b4891e2636da]: Assigning socketPath: \\?\pipe\D:\ReactJs\social-appan\server\functions\15080 {"metadata":{"emulator":{"name":"functions"},"message":"[worker-us-central1-api-ba455c65-5320-484e-8337-b4891e2636da]: Assigning socketPath: \\\\?\\pipe\\D:\\ReactJs\\social-appan\\server\\functions\\15080"}}
[debug] [2022-03-02T23:15:03.175Z] [worker-us-central1-api-ba455c65-5320-484e-8337-b4891e2636da]: BUSY {"metadata":{"emulator":{"name":"functions"},"message":"[worker-us-central1-api-ba455c65-5320-484e-8337-b4891e2636da]: BUSY"}}
[debug] [2022-03-02T23:15:04.690Z] [runtime-status] [15080] Functions runtime initialized. {"cwd":"D:\\ReactJs\\social-appan\\server\\functions","node_version":"16.13.2"} {"metadata":{"emulator":{"name":"functions"},"function":{"name":"us-central1-api"},"message":"[runtime-status] [15080] Functions runtime initialized. {\"cwd\":\"D:\\\\ReactJs\\\\social-appan\\\\server\\\\functions\",\"node_version\":\"16.13.2\"}"}}
[debug] [2022-03-02T23:15:04.691Z] [runtime-status] [15080] Disabled runtime features: undefined {"metadata":{"emulator":{"name":"functions"},"function":{"name":"us-central1-api"},"message":"[runtime-status] [15080] Disabled runtime features: undefined"}}
[debug] [2022-03-02T23:15:04.694Z] [runtime-status] [15080] Resolved module firebase-admin {"declared":true,"installed":true,"version":"9.12.0","resolution":"D:\\ReactJs\\social-appan\\server\\functions\\node_modules\\firebase-admin\\lib\\index.js"} {"metadata":{"emulator":{"name":"functions"},"function":{"name":"us-central1-api"},"message":"[runtime-status] [15080] Resolved module firebase-admin {\"declared\":true,\"installed\":true,\"version\":\"9.12.0\",\"resolution\":\"D:\\\\ReactJs\\\\social-appan\\\\server\\\\functions\\\\node_modules\\\\firebase-admin\\\\lib\\\\index.js\"}"}}
[debug] [2022-03-02T23:15:04.696Z] [runtime-status] [15080] Resolved module firebase-functions {"declared":true,"installed":true,"version":"3.18.1","resolution":"D:\\ReactJs\\social-appan\\server\\functions\\node_modules\\firebase-functions\\lib\\index.js"} {"metadata":{"emulator":{"name":"functions"},"function":{"name":"us-central1-api"},"message":"[runtime-status] [15080] Resolved module firebase-functions {\"declared\":true,\"installed\":true,\"version\":\"3.18.1\",\"resolution\":\"D:\\\\ReactJs\\\\social-appan\\\\server\\\\functions\\\\node_modules\\\\firebase-functions\\\\lib\\\\index.js\"}"}}
[debug] [2022-03-02T23:15:04.697Z] [runtime-status] [15080] Outgoing network have been stubbed. [{"name":"http","status":"mocked"},{"name":"http","status":"mocked"},{"name":"https","status":"mocked"},{"name":"https","status":"mocked"},{"name":"net","status":"mocked"}] {"metadata":{"emulator":{"name":"functions"},"function":{"name":"us-central1-api"},"message":"[runtime-status] [15080] Outgoing network have been stubbed. [{\"name\":\"http\",\"status\":\"mocked\"},{\"name\":\"http\",\"status\":\"mocked\"},{\"name\":\"https\",\"status\":\"mocked\"},{\"name\":\"https\",\"status\":\"mocked\"},{\"name\":\"net\",\"status\":\"mocked\"}]"}}
[debug] [2022-03-02T23:15:04.698Z] [runtime-status] [15080] Resolved module firebase-functions {"declared":true,"installed":true,"version":"3.18.1","resolution":"D:\\ReactJs\\social-appan\\server\\functions\\node_modules\\firebase-functions\\lib\\index.js"} {"metadata":{"emulator":{"name":"functions"},"function":{"name":"us-central1-api"},"message":"[runtime-status] [15080] Resolved module firebase-functions {\"declared\":true,\"installed\":true,\"version\":\"3.18.1\",\"resolution\":\"D:\\\\ReactJs\\\\social-appan\\\\server\\\\functions\\\\node_modules\\\\firebase-functions\\\\lib\\\\index.js\"}"}}
[debug] [2022-03-02T23:15:04.745Z] [runtime-status] [15080] Checked functions.config() {"config":{}} {"metadata":{"emulator":{"name":"functions"},"function":{"name":"us-central1-api"},"message":"[runtime-status] [15080] Checked functions.config() {\"config\":{}}"}}
[debug] [2022-03-02T23:15:04.745Z] [runtime-status] [15080] firebase-functions has been stubbed. {"functionsResolution":{"declared":true,"installed":true,"version":"3.18.1","resolution":"D:\\ReactJs\\social-appan\\server\\functions\\node_modules\\firebase-functions\\lib\\index.js"}} {"metadata":{"emulator":{"name":"functions"},"function":{"name":"us-central1-api"},"message":"[runtime-status] [15080] firebase-functions has been stubbed. {\"functionsResolution\":{\"declared\":true,\"installed\":true,\"version\":\"3.18.1\",\"resolution\":\"D:\\\\ReactJs\\\\social-appan\\\\server\\\\functions\\\\node_modules\\\\firebase-functions\\\\lib\\\\index.js\"}}"}}
[debug] [2022-03-02T23:15:04.746Z] [runtime-status] [15080] Resolved module firebase-functions {"declared":true,"installed":true,"version":"3.18.1","resolution":"D:\\ReactJs\\social-appan\\server\\functions\\node_modules\\firebase-functions\\lib\\index.js"} {"metadata":{"emulator":{"name":"functions"},"function":{"name":"us-central1-api"},"message":"[runtime-status] [15080] Resolved module firebase-functions {\"declared\":true,\"installed\":true,\"version\":\"3.18.1\",\"resolution\":\"D:\\\\ReactJs\\\\social-appan\\\\server\\\\functions\\\\node_modules\\\\firebase-functions\\\\lib\\\\index.js\"}"}}
[debug] [2022-03-02T23:15:04.748Z] [runtime-status] [15080] Resolved module firebase-admin {"declared":true,"installed":true,"version":"9.12.0","resolution":"D:\\ReactJs\\social-appan\\server\\functions\\node_modules\\firebase-admin\\lib\\index.js"} {"metadata":{"emulator":{"name":"functions"},"function":{"name":"us-central1-api"},"message":"[runtime-status] [15080] Resolved module firebase-admin {\"declared\":true,\"installed\":true,\"version\":\"9.12.0\",\"resolution\":\"D:\\\\ReactJs\\\\social-appan\\\\server\\\\functions\\\\node_modules\\\\firebase-admin\\\\lib\\\\index.js\"}"}}
[debug] [2022-03-02T23:15:04.749Z] [runtime-status] [15080] Resolved module firebase-functions {"declared":true,"installed":true,"version":"3.18.1","resolution":"D:\\ReactJs\\social-appan\\server\\functions\\node_modules\\firebase-functions\\lib\\index.js"} {"metadata":{"emulator":{"name":"functions"},"function":{"name":"us-central1-api"},"message":"[runtime-status] [15080] Resolved module firebase-functions {\"declared\":true,\"installed\":true,\"version\":\"3.18.1\",\"resolution\":\"D:\\\\ReactJs\\\\social-appan\\\\server\\\\functions\\\\node_modules\\\\firebase-functions\\\\lib\\\\index.js\"}"}}
[debug] [2022-03-02T23:15:04.749Z] [runtime-status] [15080] firebase-admin has been stubbed. {"adminResolution":{"declared":true,"installed":true,"version":"9.12.0","resolution":"D:\\ReactJs\\social-appan\\server\\functions\\node_modules\\firebase-admin\\lib\\index.js"}} {"metadata":{"emulator":{"name":"functions"},"function":{"name":"us-central1-api"},"message":"[runtime-status] [15080] firebase-admin has been stubbed. {\"adminResolution\":{\"declared\":true,\"installed\":true,\"version\":\"9.12.0\",\"resolution\":\"D:\\\\ReactJs\\\\social-appan\\\\server\\\\functions\\\\node_modules\\\\firebase-admin\\\\lib\\\\index.js\"}}"}}
[debug] [2022-03-02T23:15:04.755Z] [runtime-status] [15080] initializeApp(DEFAULT) {"storageBucket":"social-appan.appspot.com","projectId":"social-appan"} {"metadata":{"emulator":{"name":"functions"},"function":{"name":"us-central1-api"},"message":"[runtime-status] [15080] initializeApp(DEFAULT) {\"storageBucket\":\"social-appan.appspot.com\",\"projectId\":\"social-appan\"}"}}
[warn] !  functions: The Cloud Firestore emulator is not running, so calls to Firestore will affect production. {"metadata":{"emulator":{"name":"functions"},"function":{"name":"us-central1-api"},"message":"The Cloud Firestore emulator is not running, so calls to Firestore will affect production."}}
[debug] [2022-03-02T23:15:05.109Z] [runtime-status] [15080] Beginning invocation function api! {"metadata":{"emulator":{"name":"functions"},"function":{"name":"us-central1-api"},"message":"[runtime-status] [15080] Beginning invocation function api!"}}
[info] i  functions: Beginning execution of "api" {"metadata":{"emulator":{"name":"functions"},"function":{"name":"us-central1-api"},"message":"Beginning execution of \"api\""}}
[debug] [2022-03-02T23:15:05.110Z] [runtime-status] [15080] Running api in signature http {"metadata":{"emulator":{"name":"functions"},"function":{"name":"us-central1-api"},"message":"[runtime-status] [15080] Running api in signature http"}}
[debug] [2022-03-02T23:15:05.114Z] [runtime-status] [15080] Attempting to listen to socketPath: \\?\pipe\D:\ReactJs\social-appan\server\functions\15080 {"metadata":{"emulator":{"name":"functions"},"function":{"name":"us-central1-api"},"message":"[runtime-status] [15080] Attempting to listen to socketPath: \\\\?\\pipe\\D:\\ReactJs\\social-appan\\server\\functions\\15080"}}
[debug] [2022-03-02T23:15:05.120Z] [functions] Runtime ready! Sending request! {"metadata":{"emulator":{"name":"functions"},"message":"[functions] Runtime ready! Sending request!"}}
[debug] [2022-03-02T23:15:05.121Z] [functions] Got req.url=/social-appan/us-central1/api/screams, mapping to path=/screams {"metadata":{"emulator":{"name":"functions"},"message":"[functions] Got req.url=/social-appan/us-central1/api/screams, mapping to path=/screams"}}
[debug] [2022-03-02T23:15:05.128Z] [runtime-status] [15080] Ephemeral server handling GET request {"metadata":{"emulator":{"name":"functions"},"function":{"name":"us-central1-api"},"message":"[runtime-status] [15080] Ephemeral server handling GET request"}}
[debug] [2022-03-02T23:15:05.131Z] [runtime-status] [15080] Ephemeral server survived. {"metadata":{"emulator":{"name":"functions"},"function":{"name":"us-central1-api"},"message":"[runtime-status] [15080] Ephemeral server survived."}}
[debug] [2022-03-02T23:15:08.515Z] [work-queue] {"queueLength":1,"workRunningCount":1}
[debug] [2022-03-02T23:15:08.515Z] [work-queue] {"queueLength":0,"workRunningCount":2}
[debug] [2022-03-02T23:15:08.515Z] Accepted request GET /social-appan/us-central1/api/screams --> us-central1-api
[debug] [2022-03-02T23:15:08.524Z] [worker-pool] addWorker(us-central1-api) {"metadata":{"emulator":{"name":"functions"},"message":"[worker-pool] addWorker(us-central1-api)"}}
[debug] [2022-03-02T23:15:08.524Z] [worker-pool] Adding worker with key us-central1-api, total=2 {"metadata":{"emulator":{"name":"functions"},"message":"[worker-pool] Adding worker with key us-central1-api, total=2"}}
[debug] [2022-03-02T23:15:08.525Z] [worker-pool] submitWork(triggerId=us-central1-api) {"metadata":{"emulator":{"name":"functions"},"message":"[worker-pool] submitWork(triggerId=us-central1-api)"}}
[debug] [2022-03-02T23:15:08.525Z] [worker-us-central1-api-2ac09c53-531e-4a0b-b357-4dc090b53d12]: Assigning socketPath: \\?\pipe\D:\ReactJs\social-appan\server\functions\8228 {"metadata":{"emulator":{"name":"functions"},"message":"[worker-us-central1-api-2ac09c53-531e-4a0b-b357-4dc090b53d12]: Assigning socketPath: \\\\?\\pipe\\D:\\ReactJs\\social-appan\\server\\functions\\8228"}}
[debug] [2022-03-02T23:15:08.525Z] [worker-us-central1-api-2ac09c53-531e-4a0b-b357-4dc090b53d12]: BUSY {"metadata":{"emulator":{"name":"functions"},"message":"[worker-us-central1-api-2ac09c53-531e-4a0b-b357-4dc090b53d12]: BUSY"}}
[warn] !  Google API requested!
   - URL: "https://oauth2.googleapis.com/token"
   - Be careful, this may be a production service. {"metadata":{"emulator":{"name":"functions"},"function":{"name":"us-central1-api"},"message":"Google API requested!\n   - URL: \"https://oauth2.googleapis.com/token\"\n   - Be careful, this may be a production service."}}
[debug] [2022-03-02T23:15:10.729Z] [runtime-status] [8228] Functions runtime initialized. {"cwd":"D:\\ReactJs\\social-appan\\server\\functions","node_version":"16.13.2"} {"metadata":{"emulator":{"name":"functions"},"function":{"name":"us-central1-api"},"message":"[runtime-status] [8228] Functions runtime initialized. {\"cwd\":\"D:\\\\ReactJs\\\\social-appan\\\\server\\\\functions\",\"node_version\":\"16.13.2\"}"}}
[debug] [2022-03-02T23:15:10.732Z] [runtime-status] [8228] Disabled runtime features: undefined {"metadata":{"emulator":{"name":"functions"},"function":{"name":"us-central1-api"},"message":"[runtime-status] [8228] Disabled runtime features: undefined"}}
[debug] [2022-03-02T23:15:10.735Z] [runtime-status] [8228] Resolved module firebase-admin {"declared":true,"installed":true,"version":"9.12.0","resolution":"D:\\ReactJs\\social-appan\\server\\functions\\node_modules\\firebase-admin\\lib\\index.js"} {"metadata":{"emulator":{"name":"functions"},"function":{"name":"us-central1-api"},"message":"[runtime-status] [8228] Resolved module firebase-admin {\"declared\":true,\"installed\":true,\"version\":\"9.12.0\",\"resolution\":\"D:\\\\ReactJs\\\\social-appan\\\\server\\\\functions\\\\node_modules\\\\firebase-admin\\\\lib\\\\index.js\"}"}}
[debug] [2022-03-02T23:15:10.738Z] [runtime-status] [8228] Resolved module firebase-functions {"declared":true,"installed":true,"version":"3.18.1","resolution":"D:\\ReactJs\\social-appan\\server\\functions\\node_modules\\firebase-functions\\lib\\index.js"} {"metadata":{"emulator":{"name":"functions"},"function":{"name":"us-central1-api"},"message":"[runtime-status] [8228] Resolved module firebase-functions {\"declared\":true,\"installed\":true,\"version\":\"3.18.1\",\"resolution\":\"D:\\\\ReactJs\\\\social-appan\\\\server\\\\functions\\\\node_modules\\\\firebase-functions\\\\lib\\\\index.js\"}"}}
[debug] [2022-03-02T23:15:10.739Z] [runtime-status] [8228] Outgoing network have been stubbed. [{"name":"http","status":"mocked"},{"name":"http","status":"mocked"},{"name":"https","status":"mocked"},{"name":"https","status":"mocked"},{"name":"net","status":"mocked"}] {"metadata":{"emulator":{"name":"functions"},"function":{"name":"us-central1-api"},"message":"[runtime-status] [8228] Outgoing network have been stubbed. [{\"name\":\"http\",\"status\":\"mocked\"},{\"name\":\"http\",\"status\":\"mocked\"},{\"name\":\"https\",\"status\":\"mocked\"},{\"name\":\"https\",\"status\":\"mocked\"},{\"name\":\"net\",\"status\":\"mocked\"}]"}}
[debug] [2022-03-02T23:15:10.739Z] [runtime-status] [8228] Resolved module firebase-functions {"declared":true,"installed":true,"version":"3.18.1","resolution":"D:\\ReactJs\\social-appan\\server\\functions\\node_modules\\firebase-functions\\lib\\index.js"} {"metadata":{"emulator":{"name":"functions"},"function":{"name":"us-central1-api"},"message":"[runtime-status] [8228] Resolved module firebase-functions {\"declared\":true,\"installed\":true,\"version\":\"3.18.1\",\"resolution\":\"D:\\\\ReactJs\\\\social-appan\\\\server\\\\functions\\\\node_modules\\\\firebase-functions\\\\lib\\\\index.js\"}"}}
[debug] [2022-03-02T23:15:10.796Z] [runtime-status] [8228] Checked functions.config() {"config":{}} {"metadata":{"emulator":{"name":"functions"},"function":{"name":"us-central1-api"},"message":"[runtime-status] [8228] Checked functions.config() {\"config\":{}}"}}
[debug] [2022-03-02T23:15:10.796Z] [runtime-status] [8228] firebase-functions has been stubbed. {"functionsResolution":{"declared":true,"installed":true,"version":"3.18.1","resolution":"D:\\ReactJs\\social-appan\\server\\functions\\node_modules\\firebase-functions\\lib\\index.js"}} {"metadata":{"emulator":{"name":"functions"},"function":{"name":"us-central1-api"},"message":"[runtime-status] [8228] firebase-functions has been stubbed. {\"functionsResolution\":{\"declared\":true,\"installed\":true,\"version\":\"3.18.1\",\"resolution\":\"D:\\\\ReactJs\\\\social-appan\\\\server\\\\functions\\\\node_modules\\\\firebase-functions\\\\lib\\\\index.js\"}}"}}
[debug] [2022-03-02T23:15:10.797Z] [runtime-status] [8228] Resolved module firebase-functions {"declared":true,"installed":true,"version":"3.18.1","resolution":"D:\\ReactJs\\social-appan\\server\\functions\\node_modules\\firebase-functions\\lib\\index.js"} {"metadata":{"emulator":{"name":"functions"},"function":{"name":"us-central1-api"},"message":"[runtime-status] [8228] Resolved module firebase-functions {\"declared\":true,\"installed\":true,\"version\":\"3.18.1\",\"resolution\":\"D:\\\\ReactJs\\\\social-appan\\\\server\\\\functions\\\\node_modules\\\\firebase-functions\\\\lib\\\\index.js\"}"}}
[debug] [2022-03-02T23:15:10.799Z] [runtime-status] [8228] Resolved module firebase-admin {"declared":true,"installed":true,"version":"9.12.0","resolution":"D:\\ReactJs\\social-appan\\server\\functions\\node_modules\\firebase-admin\\lib\\index.js"} {"metadata":{"emulator":{"name":"functions"},"function":{"name":"us-central1-api"},"message":"[runtime-status] [8228] Resolved module firebase-admin {\"declared\":true,\"installed\":true,\"version\":\"9.12.0\",\"resolution\":\"D:\\\\ReactJs\\\\social-appan\\\\server\\\\functions\\\\node_modules\\\\firebase-admin\\\\lib\\\\index.js\"}"}}
[debug] [2022-03-02T23:15:10.800Z] [runtime-status] [8228] Resolved module firebase-functions {"declared":true,"installed":true,"version":"3.18.1","resolution":"D:\\ReactJs\\social-appan\\server\\functions\\node_modules\\firebase-functions\\lib\\index.js"} {"metadata":{"emulator":{"name":"functions"},"function":{"name":"us-central1-api"},"message":"[runtime-status] [8228] Resolved module firebase-functions {\"declared\":true,\"installed\":true,\"version\":\"3.18.1\",\"resolution\":\"D:\\\\ReactJs\\\\social-appan\\\\server\\\\functions\\\\node_modules\\\\firebase-functions\\\\lib\\\\index.js\"}"}}
[debug] [2022-03-02T23:15:10.800Z] [runtime-status] [8228] firebase-admin has been stubbed. {"adminResolution":{"declared":true,"installed":true,"version":"9.12.0","resolution":"D:\\ReactJs\\social-appan\\server\\functions\\node_modules\\firebase-admin\\lib\\index.js"}} {"metadata":{"emulator":{"name":"functions"},"function":{"name":"us-central1-api"},"message":"[runtime-status] [8228] firebase-admin has been stubbed. {\"adminResolution\":{\"declared\":true,\"installed\":true,\"version\":\"9.12.0\",\"resolution\":\"D:\\\\ReactJs\\\\social-appan\\\\server\\\\functions\\\\node_modules\\\\firebase-admin\\\\lib\\\\index.js\"}}"}}
[debug] [2022-03-02T23:15:10.804Z] [runtime-status] [8228] initializeApp(DEFAULT) {"storageBucket":"social-appan.appspot.com","projectId":"social-appan"} {"metadata":{"emulator":{"name":"functions"},"function":{"name":"us-central1-api"},"message":"[runtime-status] [8228] initializeApp(DEFAULT) {\"storageBucket\":\"social-appan.appspot.com\",\"projectId\":\"social-appan\"}"}}
[debug] [2022-03-02T23:15:11.179Z] [runtime-status] [8228] Beginning invocation function api! {"metadata":{"emulator":{"name":"functions"},"function":{"name":"us-central1-api"},"message":"[runtime-status] [8228] Beginning invocation function api!"}}
[info] i  functions: Beginning execution of "api" {"metadata":{"emulator":{"name":"functions"},"function":{"name":"us-central1-api"},"message":"Beginning execution of \"api\""}}
[debug] [2022-03-02T23:15:11.180Z] [runtime-status] [8228] Running api in signature http {"metadata":{"emulator":{"name":"functions"},"function":{"name":"us-central1-api"},"message":"[runtime-status] [8228] Running api in signature http"}}
[debug] [2022-03-02T23:15:11.184Z] [runtime-status] [8228] Attempting to listen to socketPath: \\?\pipe\D:\ReactJs\social-appan\server\functions\8228 {"metadata":{"emulator":{"name":"functions"},"function":{"name":"us-central1-api"},"message":"[runtime-status] [8228] Attempting to listen to socketPath: \\\\?\\pipe\\D:\\ReactJs\\social-appan\\server\\functions\\8228"}}
[debug] [2022-03-02T23:15:11.189Z] [functions] Runtime ready! Sending request! {"metadata":{"emulator":{"name":"functions"},"message":"[functions] Runtime ready! Sending request!"}}
[debug] [2022-03-02T23:15:11.189Z] [functions] Got req.url=/social-appan/us-central1/api/screams, mapping to path=/screams {"metadata":{"emulator":{"name":"functions"},"message":"[functions] Got req.url=/social-appan/us-central1/api/screams, mapping to path=/screams"}}
[debug] [2022-03-02T23:15:11.198Z] [runtime-status] [8228] Ephemeral server handling GET request {"metadata":{"emulator":{"name":"functions"},"function":{"name":"us-central1-api"},"message":"[runtime-status] [8228] Ephemeral server handling GET request"}}
[debug] [2022-03-02T23:15:11.202Z] [runtime-status] [8228] Ephemeral server survived. {"metadata":{"emulator":{"name":"functions"},"function":{"name":"us-central1-api"},"message":"[runtime-status] [8228] Ephemeral server survived."}}
[info] i  functions: Finished "api" in ~2s {"metadata":{"emulator":{"name":"functions"},"function":{"name":"us-central1-api"},"message":"Finished \"api\" in ~2s"}}
[debug] [2022-03-02T23:15:11.516Z] [worker-us-central1-api-ba455c65-5320-484e-8337-b4891e2636da]: IDLE {"metadata":{"emulator":{"name":"functions"},"message":"[worker-us-central1-api-ba455c65-5320-484e-8337-b4891e2636da]: IDLE"}}
[debug] [2022-03-02T23:15:11.516Z] [work-queue] {"queueLength":0,"workRunningCount":1}
[warn] !  Google API requested!
   - URL: "https://oauth2.googleapis.com/token"
   - Be careful, this may be a production service. {"metadata":{"emulator":{"name":"functions"},"function":{"name":"us-central1-api"},"message":"Google API requested!\n   - URL: \"https://oauth2.googleapis.com/token\"\n   - Be careful, this may be a production service."}}
[info] i  functions: Finished "api" in ~1s {"metadata":{"emulator":{"name":"functions"},"function":{"name":"us-central1-api"},"message":"Finished \"api\" in ~1s"}}
[debug] [2022-03-02T23:15:12.231Z] [worker-us-central1-api-2ac09c53-531e-4a0b-b357-4dc090b53d12]: IDLE {"metadata":{"emulator":{"name":"functions"},"message":"[worker-us-central1-api-2ac09c53-531e-4a0b-b357-4dc090b53d12]: IDLE"}}
[debug] [2022-03-02T23:15:12.231Z] [work-queue] {"queueLength":0,"workRunningCount":0}
[debug] [2022-03-02T23:16:55.286Z] [work-queue] {"queueLength":1,"workRunningCount":0}
[debug] [2022-03-02T23:16:55.286Z] [work-queue] {"queueLength":0,"workRunningCount":1}
[debug] [2022-03-02T23:16:55.286Z] Accepted request GET /social-appan/us-central1/api/%7BAppIcon%7D --> us-central1-api
[debug] [2022-03-02T23:16:55.287Z] [worker-pool] submitWork(triggerId=us-central1-api) {"metadata":{"emulator":{"name":"functions"},"message":"[worker-pool] submitWork(triggerId=us-central1-api)"}}
[debug] [2022-03-02T23:16:55.287Z] [worker-us-central1-api-ba455c65-5320-484e-8337-b4891e2636da]: Assigning socketPath: \\?\pipe\D:\ReactJs\social-appan\server\functions\15080 {"metadata":{"emulator":{"name":"functions"},"message":"[worker-us-central1-api-ba455c65-5320-484e-8337-b4891e2636da]: Assigning socketPath: \\\\?\\pipe\\D:\\ReactJs\\social-appan\\server\\functions\\15080"}}
[debug] [2022-03-02T23:16:55.287Z] [worker-us-central1-api-ba455c65-5320-484e-8337-b4891e2636da]: BUSY {"metadata":{"emulator":{"name":"functions"},"message":"[worker-us-central1-api-ba455c65-5320-484e-8337-b4891e2636da]: BUSY"}}
[debug] [2022-03-02T23:16:55.288Z] [runtime-status] [15080] Beginning invocation function api! {"metadata":{"emulator":{"name":"functions"},"function":{"name":"us-central1-api"},"message":"[runtime-status] [15080] Beginning invocation function api!"}}
[info] i  functions: Beginning execution of "api" {"metadata":{"emulator":{"name":"functions"},"function":{"name":"us-central1-api"},"message":"Beginning execution of \"api\""}}
[debug] [2022-03-02T23:16:55.289Z] [runtime-status] [15080] Running api in signature http {"metadata":{"emulator":{"name":"functions"},"function":{"name":"us-central1-api"},"message":"[runtime-status] [15080] Running api in signature http"}}
[debug] [2022-03-02T23:16:55.291Z] [runtime-status] [15080] Attempting to listen to socketPath: \\?\pipe\D:\ReactJs\social-appan\server\functions\15080 {"metadata":{"emulator":{"name":"functions"},"function":{"name":"us-central1-api"},"message":"[runtime-status] [15080] Attempting to listen to socketPath: \\\\?\\pipe\\D:\\ReactJs\\social-appan\\server\\functions\\15080"}}
[debug] [2022-03-02T23:16:55.294Z] [functions] Runtime ready! Sending request! {"metadata":{"emulator":{"name":"functions"},"message":"[functions] Runtime ready! Sending request!"}}
[debug] [2022-03-02T23:16:55.294Z] [functions] Got req.url=/social-appan/us-central1/api/%7BAppIcon%7D, mapping to path=/%7BAppIcon%7D {"metadata":{"emulator":{"name":"functions"},"message":"[functions] Got req.url=/social-appan/us-central1/api/%7BAppIcon%7D, mapping to path=/%7BAppIcon%7D"}}
[debug] [2022-03-02T23:16:55.297Z] [runtime-status] [15080] Ephemeral server handling GET request {"metadata":{"emulator":{"name":"functions"},"function":{"name":"us-central1-api"},"message":"[runtime-status] [15080] Ephemeral server handling GET request"}}
[debug] [2022-03-02T23:16:55.298Z] [runtime-status] [15080] Ephemeral server survived. {"metadata":{"emulator":{"name":"functions"},"function":{"name":"us-central1-api"},"message":"[runtime-status] [15080] Ephemeral server survived."}}
[info] >  No Token Found {"user":"No Token Found","metadata":{"emulator":{"name":"functions"},"function":{"name":"us-central1-api"},"message":"\u001b[90m> \u001b[39m No Token Found"}}
[info] i  functions: Finished "api" in ~1s {"metadata":{"emulator":{"name":"functions"},"function":{"name":"us-central1-api"},"message":"Finished \"api\" in ~1s"}}
[debug] [2022-03-02T23:16:55.305Z] [worker-us-central1-api-ba455c65-5320-484e-8337-b4891e2636da]: IDLE {"metadata":{"emulator":{"name":"functions"},"message":"[worker-us-central1-api-ba455c65-5320-484e-8337-b4891e2636da]: IDLE"}}
[debug] [2022-03-02T23:16:55.306Z] [work-queue] {"queueLength":0,"workRunningCount":0}
[debug] [2022-03-02T23:17:49.546Z] [work-queue] {"queueLength":1,"workRunningCount":0}
[debug] [2022-03-02T23:17:49.546Z] [work-queue] {"queueLength":0,"workRunningCount":1}
[debug] [2022-03-02T23:17:49.546Z] Accepted request GET /social-appan/us-central1/api/%7BAppIcon%7D --> us-central1-api
[debug] [2022-03-02T23:17:49.546Z] [worker-pool] submitWork(triggerId=us-central1-api) {"metadata":{"emulator":{"name":"functions"},"message":"[worker-pool] submitWork(triggerId=us-central1-api)"}}
[debug] [2022-03-02T23:17:49.547Z] [worker-us-central1-api-ba455c65-5320-484e-8337-b4891e2636da]: Assigning socketPath: \\?\pipe\D:\ReactJs\social-appan\server\functions\15080 {"metadata":{"emulator":{"name":"functions"},"message":"[worker-us-central1-api-ba455c65-5320-484e-8337-b4891e2636da]: Assigning socketPath: \\\\?\\pipe\\D:\\ReactJs\\social-appan\\server\\functions\\15080"}}
[debug] [2022-03-02T23:17:49.547Z] [worker-us-central1-api-ba455c65-5320-484e-8337-b4891e2636da]: BUSY {"metadata":{"emulator":{"name":"functions"},"message":"[worker-us-central1-api-ba455c65-5320-484e-8337-b4891e2636da]: BUSY"}}
[debug] [2022-03-02T23:17:49.547Z] [runtime-status] [15080] Beginning invocation function api! {"metadata":{"emulator":{"name":"functions"},"function":{"name":"us-central1-api"},"message":"[runtime-status] [15080] Beginning invocation function api!"}}
[info] i  functions: Beginning execution of "api" {"metadata":{"emulator":{"name":"functions"},"function":{"name":"us-central1-api"},"message":"Beginning execution of \"api\""}}
[debug] [2022-03-02T23:17:49.548Z] [runtime-status] [15080] Running api in signature http {"metadata":{"emulator":{"name":"functions"},"function":{"name":"us-central1-api"},"message":"[runtime-status] [15080] Running api in signature http"}}
[debug] [2022-03-02T23:17:49.549Z] [runtime-status] [15080] Attempting to listen to socketPath: \\?\pipe\D:\ReactJs\social-appan\server\functions\15080 {"metadata":{"emulator":{"name":"functions"},"function":{"name":"us-central1-api"},"message":"[runtime-status] [15080] Attempting to listen to socketPath: \\\\?\\pipe\\D:\\ReactJs\\social-appan\\server\\functions\\15080"}}
[debug] [2022-03-02T23:17:49.552Z] [functions] Runtime ready! Sending request! {"metadata":{"emulator":{"name":"functions"},"message":"[functions] Runtime ready! Sending request!"}}
[debug] [2022-03-02T23:17:49.552Z] [functions] Got req.url=/social-appan/us-central1/api/%7BAppIcon%7D, mapping to path=/%7BAppIcon%7D {"metadata":{"emulator":{"name":"functions"},"message":"[functions] Got req.url=/social-appan/us-central1/api/%7BAppIcon%7D, mapping to path=/%7BAppIcon%7D"}}
[debug] [2022-03-02T23:17:49.556Z] [runtime-status] [15080] Ephemeral server handling GET request {"metadata":{"emulator":{"name":"functions"},"function":{"name":"us-central1-api"},"message":"[runtime-status] [15080] Ephemeral server handling GET request"}}
[debug] [2022-03-02T23:17:49.556Z] [runtime-status] [15080] Ephemeral server survived. {"metadata":{"emulator":{"name":"functions"},"function":{"name":"us-central1-api"},"message":"[runtime-status] [15080] Ephemeral server survived."}}
[info] >  No Token Found {"user":"No Token Found","metadata":{"emulator":{"name":"functions"},"function":{"name":"us-central1-api"},"message":"\u001b[90m> \u001b[39m No Token Found"}}
[info] i  functions: Finished "api" in ~1s {"metadata":{"emulator":{"name":"functions"},"function":{"name":"us-central1-api"},"message":"Finished \"api\" in ~1s"}}
[debug] [2022-03-02T23:17:49.562Z] [worker-us-central1-api-ba455c65-5320-484e-8337-b4891e2636da]: IDLE {"metadata":{"emulator":{"name":"functions"},"message":"[worker-us-central1-api-ba455c65-5320-484e-8337-b4891e2636da]: IDLE"}}
[debug] [2022-03-02T23:17:49.562Z] [work-queue] {"queueLength":0,"workRunningCount":0}
